<?xml version="1.0" encoding="UTF-8"?>
<project xmlns="http://maven.apache.org/POM/4.0.0"
         xmlns:xsi="http://www.w3.org/2001/XMLSchema-instance"
         xsi:schemaLocation="http://maven.apache.org/POM/4.0.0 http://maven.apache.org/xsd/maven-4.0.0.xsd">
    <modelVersion>4.0.0</modelVersion>
    <groupId>io.semla</groupId>
    <artifactId>test-project</artifactId>
    <version>1.0.0</version>
    <packaging>jar</packaging>
    <dependencies>
        <dependency>
            <groupId>io.semla</groupId>
            <artifactId>semla-core</artifactId>
            <version>1.0.0</version>
            <scope>compile</scope>
        </dependency>
    </dependencies>
    <build>
        <plugins>
            <plugin>
                <groupId>io.semla</groupId>
                <artifactId>semla-maven-plugin</artifactId>
                <version>1.0.0</version>
                <configuration>
                    <sources>
                        <source>/src/test/java/io/semla/maven/plugin/model/*</source>
                    </sources>
                    <outputPath>/target/generated-test-sources/java/</outputPath>
                    <resolutionScope>TEST</resolutionScope>
                    <additionalClasspath>/target/lib/</additionalClasspath>
                </configuration>
            </plugin>
        </plugins>
    </build>
</project>